2023-06-20 13:32:27.308+0000 INFO  Starting...
2023-06-20 13:32:28.174+0000 INFO  This instance is ServerId{2f0b34bb} (2f0b34bb-c092-4ace-8c26-14128d74d31b)
2023-06-20 13:32:29.423+0000 INFO  ======== Neo4j 5.3.0 ========
2023-06-20 13:33:46.391+0000 INFO  Bolt enabled on 0.0.0.0:7687.
2023-06-20 13:33:47.251+0000 INFO  Remote interface available at http://localhost:7474/
2023-06-20 13:33:47.258+0000 INFO  id: F68A4F448867E35BAB825001488FEE493718615553DE25E957137C8200709F5F
2023-06-20 13:33:47.260+0000 INFO  name: system
2023-06-20 13:33:47.263+0000 INFO  creationDate: 2023-06-20T13:32:30.6Z
2023-06-20 13:33:47.265+0000 INFO  Started.
2023-06-20 13:34:42.247+0000 INFO  Neo4j Server shutdown initiated by request
2023-06-20 13:34:42.248+0000 INFO  Stopping...
2023-06-20 13:34:48.083+0000 INFO  Stopped.
2023-06-20 13:37:01.633+0000 INFO  Starting...
2023-06-20 13:37:02.328+0000 INFO  This instance is ServerId{b72d37ca} (b72d37ca-f624-4d15-9b58-863a4daad478)
2023-06-20 13:37:03.309+0000 INFO  ======== Neo4j 5.3.0 ========
2023-06-20 13:38:18.548+0000 INFO  Bolt enabled on 0.0.0.0:7687.
2023-06-20 13:38:19.482+0000 INFO  Remote interface available at http://localhost:7474/
2023-06-20 13:38:19.490+0000 INFO  id: 01AF310C50562FE036A84563CDAB2D899661B872CDDFBEAB5A9DDA13D8225600
2023-06-20 13:38:19.495+0000 INFO  name: system
2023-06-20 13:38:19.500+0000 INFO  creationDate: 2023-06-20T13:37:04.402Z
2023-06-20 13:38:19.503+0000 INFO  Started.
2023-06-20 13:42:03.049+0000 INFO  Starting...
2023-06-20 13:42:03.720+0000 INFO  This instance is ServerId{b72d37ca} (b72d37ca-f624-4d15-9b58-863a4daad478)
2023-06-20 13:42:05.076+0000 INFO  ======== Neo4j 5.3.0 ========
2023-06-20 13:42:15.773+0000 INFO  Bolt enabled on 0.0.0.0:7687.
2023-06-20 13:42:16.721+0000 INFO  Remote interface available at http://localhost:7474/
2023-06-20 13:42:16.727+0000 INFO  id: 01AF310C50562FE036A84563CDAB2D899661B872CDDFBEAB5A9DDA13D8225600
2023-06-20 13:42:16.730+0000 INFO  name: system
2023-06-20 13:42:16.732+0000 INFO  creationDate: 2023-06-20T13:37:04.402Z
2023-06-20 13:42:16.734+0000 INFO  Started.
2023-06-20 13:45:21.106+0000 INFO  Starting...
2023-06-20 13:45:21.794+0000 INFO  This instance is ServerId{b72d37ca} (b72d37ca-f624-4d15-9b58-863a4daad478)
2023-06-20 13:45:23.001+0000 INFO  ======== Neo4j 5.3.0 ========
2023-06-20 13:45:28.193+0000 INFO  Bolt enabled on 0.0.0.0:7687.
2023-06-20 13:45:29.197+0000 INFO  Remote interface available at http://localhost:7474/
2023-06-20 13:45:29.205+0000 INFO  id: 01AF310C50562FE036A84563CDAB2D899661B872CDDFBEAB5A9DDA13D8225600
2023-06-20 13:45:29.209+0000 INFO  name: system
2023-06-20 13:45:29.213+0000 INFO  creationDate: 2023-06-20T13:37:04.402Z
2023-06-20 13:45:29.214+0000 INFO  Started.
2023-06-20 13:46:42.675+0000 INFO  Starting...
2023-06-20 13:46:43.599+0000 INFO  This instance is ServerId{b72d37ca} (b72d37ca-f624-4d15-9b58-863a4daad478)
2023-06-20 13:46:45.012+0000 INFO  ======== Neo4j 5.3.0 ========
2023-06-20 13:46:50.433+0000 INFO  Bolt enabled on 0.0.0.0:7687.
2023-06-20 13:46:51.473+0000 INFO  Remote interface available at http://localhost:7474/
2023-06-20 13:46:51.480+0000 INFO  id: 01AF310C50562FE036A84563CDAB2D899661B872CDDFBEAB5A9DDA13D8225600
2023-06-20 13:46:51.483+0000 INFO  name: system
2023-06-20 13:46:51.485+0000 INFO  creationDate: 2023-06-20T13:37:04.402Z
2023-06-20 13:46:51.486+0000 INFO  Started.
2023-06-20 13:49:49.600+0000 INFO  Neo4j Server shutdown initiated by request
2023-06-20 13:49:49.602+0000 INFO  Stopping...
2023-06-20 13:49:55.304+0000 INFO  Stopped.
2023-11-25 16:10:36.824+0000 INFO  Starting...
2023-11-25 16:10:37.849+0000 INFO  This instance is ServerId{b72d37ca} (b72d37ca-f624-4d15-9b58-863a4daad478)
2023-11-25 16:10:38.945+0000 INFO  ======== Neo4j 5.3.0 ========
2023-11-25 16:10:42.978+0000 INFO  Bolt enabled on 0.0.0.0:7687.
2023-11-25 16:10:44.408+0000 INFO  Remote interface available at http://localhost:7474/
2023-11-25 16:10:44.418+0000 INFO  id: 01AF310C50562FE036A84563CDAB2D899661B872CDDFBEAB5A9DDA13D8225600
2023-11-25 16:10:44.422+0000 INFO  name: system
2023-11-25 16:10:44.425+0000 INFO  creationDate: 2023-06-20T13:37:04.402Z
2023-11-25 16:10:44.427+0000 INFO  Started.
2023-12-20 17:17:51.520+0000 INFO  Starting...
2023-12-20 17:17:53.105+0000 INFO  This instance is ServerId{b72d37ca} (b72d37ca-f624-4d15-9b58-863a4daad478)
2023-12-20 17:17:54.487+0000 INFO  ======== Neo4j 5.3.0 ========
2023-12-20 17:18:03.171+0000 INFO  Bolt enabled on 0.0.0.0:7687.
2023-12-20 17:18:04.260+0000 INFO  Remote interface available at http://localhost:7474/
2023-12-20 17:18:04.267+0000 INFO  id: 01AF310C50562FE036A84563CDAB2D899661B872CDDFBEAB5A9DDA13D8225600
2023-12-20 17:18:04.269+0000 INFO  name: system
2023-12-20 17:18:04.271+0000 INFO  creationDate: 2023-06-20T13:37:04.402Z
2023-12-20 17:18:04.276+0000 INFO  Started.
2023-12-20 17:21:38.808+0000 INFO  Neo4j Server shutdown initiated by request
2023-12-20 17:21:38.810+0000 INFO  Stopping...
2023-12-20 17:21:44.373+0000 INFO  Stopped.
